<?xml version="1.0" encoding="utf-8"?><testsuites><testsuite errors="0" failures="0" hostname="DESKTOP-L85IPM0" name="pytest" skipped="0" tests="10" time="0.070" timestamp="2020-09-03T10:45:46.003000"><testcase classname="test_functions" file="test_functions.py" line="3" name="test_calcDistance3333" time="0.000"></testcase><testcase classname="test_functions" file="test_functions.py" line="7" name="test_calcDistance3377" time="0.001"></testcase><testcase classname="test_functions" file="test_functions.py" line="11" name="test_calcDistance22_1_1" time="0.002"></testcase><testcase classname="test_functions" file="test_functions.py" line="15" name="test_calcDistance_2_2_5_5" time="0.000"></testcase><testcase classname="test_functions" file="test_functions.py" line="19" name="test_calcDistance0000" time="0.000"></testcase><testcase classname="test_functions" file="test_functions.py" line="23" name="test_isPrime2" time="0.001"></testcase><testcase classname="test_functions" file="test_functions.py" line="27" name="test_isPrime3" time="0.001"></testcase><testcase classname="test_functions" file="test_functions.py" line="31" name="test_isPrime5" time="0.001"></testcase><testcase classname="test_functions" file="test_functions.py" line="35" name="test_isPrime7" time="0.000"></testcase><testcase classname="test_functions" file="test_functions.py" line="39" name="test_isPrime13" time="0.001"></testcase></testsuite></testsuites>